{
  "0 debug pnpm:scope": {
    "selected": 1,
    "workspacePrefix": "/Users/caenguidanos/node/src/github.com/caenguidanos/prensa-prensa"
  },
  "1 error pnpm": {
    "code": "ELIFECYCLE",
    "errno": "ENOENT",
    "syscall": "spawn",
    "file": "sh",
    "pkgid": "prensa-prensa@1.0.0",
    "stage": "clean",
    "script": "rimraf **/node_modules/**",
    "pkgname": "prensa-prensa",
    "err": {
      "name": "pnpm",
      "message": "prensa-prensa@1.0.0 clean: `rimraf **/node_modules/**`\nspawn ENOENT",
      "code": "ELIFECYCLE",
      "stack": "pnpm: prensa-prensa@1.0.0 clean: `rimraf **/node_modules/**`\nspawn ENOENT\n    at ChildProcess.<anonymous> (/Users/caenguidanos/.nvm/versions/node/v16.13.0/pnpm-global/5/node_modules/.pnpm/pnpm@6.23.1/node_modules/pnpm/dist/pnpm.cjs:91368:22)\n    at ChildProcess.emit (node:events:390:28)\n    at maybeClose (node:internal/child_process:1064:16)\n    at Process.ChildProcess._handle.onexit (node:internal/child_process:301:5)"
    }
  },
  "2 warn pnpm:global": " Local package.json exists, but node_modules missing, did you mean to install?"
}